0 info it worked if it ends with ok
1 verbose cli [ '/home/krishnendu/Tools/BMS/node-v4.4.4-linux-x64/bin/node',
1 verbose cli   '/home/krishnendu/Tools/BMS/node-v4.4.4-linux-x64/bin/npm',
1 verbose cli   'start' ]
2 info using npm@4.0.0
3 info using node@v4.4.4
4 verbose stack Error: ENOENT: no such file or directory, open '/home/krishnendu/Tools/WebSDK/package.json'
4 verbose stack     at Error (native)
5 verbose cwd /home/krishnendu/Tools/WebSDK/bms-analytics-clientsdk-sampleApp
6 error Linux 4.2.0-42-generic
7 error argv "/home/krishnendu/Tools/BMS/node-v4.4.4-linux-x64/bin/node" "/home/krishnendu/Tools/BMS/node-v4.4.4-linux-x64/bin/npm" "start"
8 error node v4.4.4
9 error npm  v4.0.0
10 error path /home/krishnendu/Tools/WebSDK/package.json
11 error code ENOENT
12 error errno -2
13 error syscall open
14 error enoent ENOENT: no such file or directory, open '/home/krishnendu/Tools/WebSDK/package.json'
15 error enoent ENOENT: no such file or directory, open '/home/krishnendu/Tools/WebSDK/package.json'
15 error enoent This is most likely not a problem with npm itself
15 error enoent and is related to npm not being able to find a file.
16 verbose exit [ -2, true ]
